[2025-04-01 00:41:13] Setting up zsh...
[2025-04-01 00:41:13] Removing existing symlink /Users/y_yoshida/.zshrc
[2025-04-01 00:41:13] Linked /Users/y_yoshida/dotfiles/zsh/.zshrc → /Users/y_yoshida/.zshrc
[2025-04-01 00:41:13] Setup completed.
[2025-04-01 00:41:13] Setting up Neovim...
[2025-04-01 00:41:13] Removing existing symlink /Users/y_yoshida/.config/nvim
[2025-04-01 00:41:13] Linked /Users/y_yoshida/dotfiles/nvim → /Users/y_yoshida/.config/nvim
[2025-04-01 00:41:13] Setup completed.
[2025-04-01 00:41:14] Setting up tmux...
[2025-04-01 00:41:14] Removing existing symlink /Users/y_yoshida/.tmux.conf
[2025-04-01 00:41:14] Linked /Users/y_yoshida/dotfiles/tmux/.tmux.conf → /Users/y_yoshida/.tmux.conf
[2025-04-01 00:41:14] Setup completed.
[2025-04-01 00:41:14] Setting up lazygit config...
[2025-04-01 00:41:14] Removing existing symlink /Users/y_yoshida/Library/Application Support/lazygit/config.yml
[2025-04-01 00:41:14] Linked /Users/y_yoshida/dotfiles/lazygit/config.yml → /Users/y_yoshida/Library/Application Support/lazygit/config.yml
[2025-04-01 00:41:14] Setup completed.
[2025-04-01 00:41:14] Installing Homebrew packages (without upgrading existing ones)...
[2025-04-01 00:41:15] aqua already installed, skipping
[2025-04-01 00:41:16] cmake already installed, skipping
[2025-04-01 00:41:17] curl already installed, skipping
[2025-04-01 00:41:18] font-hack-nerd-font already installed, skipping
[2025-04-01 00:41:19] gcc already installed, skipping
[2025-04-01 00:41:20] git already installed, skipping
[2025-04-01 00:41:21] git-delta already installed, skipping
[2025-04-01 00:41:22] lua already installed, skipping
[2025-04-01 00:41:23] neovim already installed, skipping
[2025-04-01 00:41:25] node already installed, skipping
[2025-04-01 00:41:26] openjdk@21 already installed, skipping
[2025-04-01 00:41:27] tmux already installed, skipping
[2025-04-01 00:41:27] tree already installed, skipping
[2025-04-01 00:41:27] Symlink already exists: /Library/Java/JavaVirtualMachines/openjdk-21.jdk
[2025-04-01 00:41:27] Setup completed.
[2025-04-01 00:41:28] Installing tools via aqua (global config)...
[2025-04-01 00:41:28] Setup completed.
[2025-04-01 00:41:28] Setting git global config for delta...
[2025-04-01 00:41:28] Setup completed.
[2025-04-01 00:41:28] Setting up iTerm2 config...
[2025-04-01 00:41:28] Removing existing symlink /Users/y_yoshida/Documents/ConfigFiles/iTerm2
[2025-04-01 00:41:28] Linked /Users/y_yoshida/dotfiles/iterm2/config → /Users/y_yoshida/Documents/ConfigFiles/iTerm2
[2025-04-01 00:41:28] Setup completed.
